09-22-2021 01:35:42 PM: INFO: %(message)s
09-22-2021 01:35:42 PM: INFO: %(message)s
09-22-2021 01:35:48 PM: INFO: %(message)s
09-22-2021 01:35:51 PM: INFO: %(message)s
09-22-2021 01:36:11 PM: INFO: %(message)s
09-22-2021 01:37:31 PM: INFO: *******************************Test_001_Login**********************************************
09-22-2021 01:37:31 PM: INFO: *******************************Verifying homepage title************************************
09-22-2021 01:37:38 PM: INFO: *******************************test_homePageTitle is passed************************************
09-22-2021 01:37:41 PM: INFO: *******************************Verifying login test************************************
09-22-2021 01:38:00 PM: INFO: *******************************test_login is passed************************************
09-22-2021 02:13:03 PM: INFO: *******************************Test_001_Login**********************************************
09-22-2021 02:13:03 PM: INFO: *******************************Verifying homepage title************************************
09-22-2021 02:13:09 PM: INFO: *******************************test_homePageTitle is passed************************************
09-22-2021 02:13:12 PM: INFO: *******************************Verifying login test************************************
09-22-2021 02:13:31 PM: INFO: *******************************test_login is passed************************************
09-22-2021 02:17:07 PM: INFO: *******************************Verifying login test************************************
09-22-2021 02:17:09 PM: INFO: *******************************Test_001_Login**********************************************
09-22-2021 02:17:09 PM: INFO: *******************************Verifying homepage title************************************
09-22-2021 02:17:13 PM: INFO: *******************************test_homePageTitle is failed************************************
09-22-2021 02:17:54 PM: INFO: *******************************Verifying login test************************************
09-22-2021 02:17:54 PM: INFO: *******************************Test_001_Login**********************************************
09-22-2021 02:17:54 PM: INFO: *******************************Verifying homepage title************************************
09-22-2021 02:18:03 PM: INFO: *******************************test_homePageTitle is passed************************************
09-22-2021 02:18:22 PM: INFO: *******************************test_login is passed************************************
09-22-2021 02:23:56 PM: INFO: *******************************Verifying login test************************************
09-22-2021 02:23:58 PM: INFO: *******************************Test_001_Login**********************************************
09-22-2021 02:23:58 PM: INFO: *******************************Verifying homepage title************************************
09-22-2021 02:24:03 PM: INFO: *******************************test_homePageTitle is passed************************************
09-22-2021 02:24:15 PM: INFO: *******************************test_login is passed************************************
